<?xml version="1.0" encoding="UTF-8"?>
<!-- Generated by org.testng.reporters.JUnitReportReporter -->
<testsuite skipped="0" hostname="Bhavani" name="com.dev.AppTest" tests="2" failures="0" timestamp="2022-05-01T10:48:20 IST" time="0.007" errors="0">
  <testcase name="testlogin1" time="0.007" classname="com.dev.AppTest"/>
  <system-out/>
  <testcase name="testlogin2" time="0.000" classname="com.dev.AppTest"/>
  <system-out/>
</testsuite> <!-- com.dev.AppTest -->
